<?xml version="1.0" encoding="UTF-8"?>
<!-- Generated by org.testng.reporters.JUnitReportReporter -->
<testsuite hostname="LAPTOP-C2GKEJQ5" failures="0" tests="1" name="propertyFileProgram.Practice1" time="6.728" errors="0" timestamp="2024-12-19T14:31:15 IST" skipped="0">
  <testcase classname="propertyFileProgram.Practice1" name="readDataProperty" time="6.728"/>
</testsuite> <!-- propertyFileProgram.Practice1 -->
