<?xml version="1.0" encoding="UTF-8"?>
<!-- Generated by org.testng.reporters.JUnitReportReporter -->
<testsuite hostname="LAPTOP-C2GKEJQ5" failures="0" tests="1" name="locatorsDemo.Locators" time="4.390" errors="0" timestamp="2024-12-26T16:37:52 IST" skipped="0">
  <testcase classname="locatorsDemo.Locators" name="locate" time="4.390"/>
</testsuite> <!-- locatorsDemo.Locators -->
