<?xml version="1.0" encoding="UTF-8"?>
<!-- Generated by org.testng.reporters.JUnitReportReporter -->
<testsuite hostname="LAPTOP-C2GKEJQ5" failures="0" tests="1" name="windows_Switch.iFrameSwitch" time="5.239" errors="0" timestamp="2024-12-26T23:18:45 IST" skipped="0">
  <testcase classname="windows_Switch.iFrameSwitch" name="nestediFrameTest" time="5.239"/>
</testsuite> <!-- windows_Switch.iFrameSwitch -->
