<?xml version="1.0" encoding="UTF-8"?>
<!-- Generated by org.testng.reporters.JUnitReportReporter -->
<testsuite hostname="LAPTOP-C2GKEJQ5" failures="0" tests="1" name="windows_Switch.WindowDemo1" time="15.467" errors="0" timestamp="2024-12-26T21:58:26 IST" skipped="0">
  <testcase classname="windows_Switch.WindowDemo1" name="windowsSwitchTest" time="15.467"/>
</testsuite> <!-- windows_Switch.WindowDemo1 -->
