<?xml version="1.0" encoding="UTF-8"?>
<!-- Generated by org.testng.reporters.JUnitReportReporter -->
<testsuite hostname="LAPTOP-C2GKEJQ5" failures="0" tests="1" name="alert_Window.AlertWithTextbox" time="10.469" errors="0" timestamp="2024-12-26T21:57:48 IST" skipped="0">
  <testcase classname="alert_Window.AlertWithTextbox" name="alertTest" time="10.469"/>
</testsuite> <!-- alert_Window.AlertWithTextbox -->
