<?xml version="1.0" encoding="UTF-8"?>
<!-- Generated by org.testng.reporters.JUnitReportReporter -->
<testsuite hostname="LAPTOP-C2GKEJQ5" failures="0" tests="1" name="alert_Window.AlertPractice" time="6.715" errors="0" timestamp="2024-12-26T21:57:21 IST" skipped="0">
  <testcase classname="alert_Window.AlertPractice" name="alertTest" time="6.715"/>
</testsuite> <!-- alert_Window.AlertPractice -->
