<?xml version="1.0" encoding="UTF-8"?>
<!-- Generated by org.testng.reporters.JUnitReportReporter -->
<testsuite hostname="LAPTOP-C2GKEJQ5" failures="0" tests="1" name="windows_Switch.Demo" time="5.669" errors="0" timestamp="2024-12-27T14:57:11 IST" skipped="0">
  <testcase classname="windows_Switch.Demo" name="frameTest" time="5.669"/>
</testsuite> <!-- windows_Switch.Demo -->
