<?xml version="1.0" encoding="UTF-8"?>
<!-- Generated by org.testng.reporters.JUnitReportReporter -->
<testsuite hostname="LAPTOP-C2GKEJQ5" failures="0" tests="1" name="tableReadFromWeb.HandilngWebTables" time="14.990" errors="0" timestamp="2024-12-24T13:07:16 IST" skipped="0">
  <testcase classname="tableReadFromWeb.HandilngWebTables" name="firstCharOf2ndWordCheck" time="14.990"/>
</testsuite> <!-- tableReadFromWeb.HandilngWebTables -->
