<?xml version="1.0" encoding="UTF-8"?>
<!-- Generated by org.testng.reporters.JUnitReportReporter -->
<testsuite hostname="LAPTOP-C2GKEJQ5" failures="0" tests="1" name="loginTestCaseValidation.LinkTextValidation" time="9.287" errors="0" timestamp="2024-12-26T22:17:18 IST" skipped="0">
  <testcase classname="loginTestCaseValidation.LinkTextValidation" name="AppleSignInbtnLabelCheck" time="9.287"/>
</testsuite> <!-- loginTestCaseValidation.LinkTextValidation -->
