<?xml version="1.0" encoding="UTF-8"?>
<!-- Generated by org.testng.reporters.JUnitReportReporter -->
<testsuite hostname="LAPTOP-C2GKEJQ5" failures="0" tests="1" name="tableReadFromWeb.readAllDataFromTable" time="7.396" errors="0" timestamp="2024-12-28T14:46:55 IST" skipped="0">
  <testcase classname="tableReadFromWeb.readAllDataFromTable" name="readAllDataFromTable" time="7.396"/>
</testsuite> <!-- tableReadFromWeb.readAllDataFromTable -->
