<?xml version="1.0" encoding="UTF-8"?>
<!-- Generated by org.testng.reporters.JUnitReportReporter -->
<testsuite hostname="LAPTOP-C2GKEJQ5" failures="0" tests="4" name="dataProviderDemo.TestLogin" time="20.575" errors="0" timestamp="2024-12-30T16:09:27 IST" skipped="0">
  <testcase classname="dataProviderDemo.TestLogin" name="testCredentials" time="5.140"/>
  <testcase classname="dataProviderDemo.TestLogin" name="testCredentials" time="3.463"/>
  <testcase classname="dataProviderDemo.TestLogin" name="testCredentials" time="6.820"/>
  <testcase classname="dataProviderDemo.TestLogin" name="testCredentials" time="5.152"/>
</testsuite> <!-- dataProviderDemo.TestLogin -->
