<?xml version="1.0" encoding="UTF-8"?>
<!-- Generated by org.testng.reporters.JUnitReportReporter -->
<testsuite hostname="LAPTOP-C2GKEJQ5" failures="0" tests="1" name="windows_Switch.SeleniumDevWebSite" time="6.098" errors="0" timestamp="2024-12-26T23:46:47 IST" skipped="0">
  <testcase classname="windows_Switch.SeleniumDevWebSite" name="switchTest" time="6.098"/>
</testsuite> <!-- windows_Switch.SeleniumDevWebSite -->
